<?xml version="1.0" encoding="UTF-8"?>
<!-- Generated by org.testng.reporters.JUnitReportReporter -->
<testsuite ignored="1" hostname="E115075" failures="0" tests="1" name="com.testNG.IgnoreATest" time="0.013" errors="0" timestamp="17 Dec 2019 15:21:28 GMT" skipped="0">
  <testcase classname="com.testNG.IgnoreATest" name="test2" time="0.013"/>
  <testcase classname="com.testNG.IgnoreATest" name="test1">
    <skipped/>
  </testcase> <!-- test1 -->
</testsuite> <!-- com.testNG.IgnoreATest -->
