<?xml version="1.0" encoding="UTF-8"?>
<!-- Generated by org.testng.reporters.JUnitReportReporter -->
<testsuite ignored="16" hostname="E115075" failures="0" tests="2" name="com.testNG.MyTestClass1" time="0.016" errors="0" timestamp="17 Dec 2019 11:08:00 GMT" skipped="0">
  <testcase classname="com.testNG.MyTestClass1" name="myTestMethod1" time="0.008"/>
  <testcase classname="com.testNG.MyTestClass1" name="myTestMethod1" time="0.008"/>
  <testcase classname="com.testNG.BasicAnnotationsWithOutMethod" name="test2">
    <skipped/>
  </testcase> <!-- test2 -->
  <testcase classname="com.testNG.BasicAnnotationsWithOutMethod" name="test2">
    <skipped/>
  </testcase> <!-- test2 -->
  <testcase classname="com.testNG.BasicAnnotationsWithOutMethod" name="test2">
    <skipped/>
  </testcase> <!-- test2 -->
  <testcase classname="com.testNG.BasicAnnotationsWithOutMethod" name="test2">
    <skipped/>
  </testcase> <!-- test2 -->
  <testcase classname="com.testNG.BasicAnnotationsWithOutMethod" name="test7">
    <skipped/>
  </testcase> <!-- test7 -->
  <testcase classname="com.testNG.BasicAnnotationsWithOutMethod" name="test7">
    <skipped/>
  </testcase> <!-- test7 -->
  <testcase classname="com.testNG.BasicAnnotationsWithOutMethod" name="test7">
    <skipped/>
  </testcase> <!-- test7 -->
  <testcase classname="com.testNG.BasicAnnotationsWithOutMethod" name="test7">
    <skipped/>
  </testcase> <!-- test7 -->
  <testcase classname="com.testNG.BasicAnnotationsWithOutMethod" name="test6">
    <skipped/>
  </testcase> <!-- test6 -->
  <testcase classname="com.testNG.BasicAnnotationsWithOutMethod" name="test6">
    <skipped/>
  </testcase> <!-- test6 -->
  <testcase classname="com.testNG.BasicAnnotationsWithOutMethod" name="test6">
    <skipped/>
  </testcase> <!-- test6 -->
  <testcase classname="com.testNG.BasicAnnotationsWithOutMethod" name="test6">
    <skipped/>
  </testcase> <!-- test6 -->
  <testcase classname="com.testNG.BasicAnnotationsWithOutMethod" name="test1">
    <skipped/>
  </testcase> <!-- test1 -->
  <testcase classname="com.testNG.BasicAnnotationsWithOutMethod" name="test1">
    <skipped/>
  </testcase> <!-- test1 -->
  <testcase classname="com.testNG.BasicAnnotationsWithOutMethod" name="test1">
    <skipped/>
  </testcase> <!-- test1 -->
  <testcase classname="com.testNG.BasicAnnotationsWithOutMethod" name="test1">
    <skipped/>
  </testcase> <!-- test1 -->
</testsuite> <!-- com.testNG.MyTestClass1 -->
