<?xml version="1.0" encoding="UTF-8"?>
<!-- Generated by org.testng.reporters.JUnitReportReporter -->
<testsuite ignored="12" hostname="E115075" failures="0" tests="2" name="com.testNG.BasicAnnotationsInTestNG" time="0.014" errors="0" timestamp="16 Dec 2019 20:02:40 GMT" skipped="0">
  <testcase classname="com.testNG.BasicAnnotationsInTestNG" name="test5" time="0.005"/>
  <testcase classname="com.testNG.BasicAnnotationsInTestNG" name="test10" time="0.009"/>
  <testcase classname="com.testNG.BasicAnnotationsWithOutMethod" name="test1">
    <skipped/>
  </testcase> <!-- test1 -->
  <testcase classname="com.testNG.BasicAnnotationsWithOutMethod" name="test1">
    <skipped/>
  </testcase> <!-- test1 -->
  <testcase classname="com.testNG.BasicAnnotationsWithOutMethod" name="test1">
    <skipped/>
  </testcase> <!-- test1 -->
  <testcase classname="com.testNG.BasicAnnotationsWithOutMethod" name="test2">
    <skipped/>
  </testcase> <!-- test2 -->
  <testcase classname="com.testNG.BasicAnnotationsWithOutMethod" name="test2">
    <skipped/>
  </testcase> <!-- test2 -->
  <testcase classname="com.testNG.BasicAnnotationsWithOutMethod" name="test2">
    <skipped/>
  </testcase> <!-- test2 -->
  <testcase classname="com.testNG.BasicAnnotationsWithOutMethod" name="test7">
    <skipped/>
  </testcase> <!-- test7 -->
  <testcase classname="com.testNG.BasicAnnotationsWithOutMethod" name="test7">
    <skipped/>
  </testcase> <!-- test7 -->
  <testcase classname="com.testNG.BasicAnnotationsWithOutMethod" name="test7">
    <skipped/>
  </testcase> <!-- test7 -->
  <testcase classname="com.testNG.BasicAnnotationsWithOutMethod" name="test6">
    <skipped/>
  </testcase> <!-- test6 -->
  <testcase classname="com.testNG.BasicAnnotationsWithOutMethod" name="test6">
    <skipped/>
  </testcase> <!-- test6 -->
  <testcase classname="com.testNG.BasicAnnotationsWithOutMethod" name="test6">
    <skipped/>
  </testcase> <!-- test6 -->
</testsuite> <!-- com.testNG.BasicAnnotationsInTestNG -->
