<?xml version="1.0" encoding="UTF-8"?>
<!-- Generated by org.testng.reporters.JUnitReportReporter -->
<testsuite ignored="10" hostname="E115075" failures="0" tests="2" name="com.testNG.GroupsInTestNG" time="0.004" errors="0" timestamp="17 Dec 2019 15:15:52 GMT" skipped="0">
  <testcase classname="com.testNG.GroupsInTestNG" name="test1" time="0.002"/>
  <testcase classname="com.testNG.GroupsInTestNG" name="test2" time="0.002"/>
  <testcase classname="com.testNG.GroupsInTestNG" name="test">
    <skipped/>
  </testcase> <!-- test -->
  <testcase classname="com.testNG.MyTestClass3" name="myTestMethod3">
    <skipped/>
  </testcase> <!-- myTestMethod3 -->
  <testcase classname="com.testNG.MyTestClass3" name="myTestMethod3">
    <skipped/>
  </testcase> <!-- myTestMethod3 -->
  <testcase classname="com.testNG.MyTestClass3" name="myTestMethod3">
    <skipped/>
  </testcase> <!-- myTestMethod3 -->
  <testcase classname="com.testNG.MyTestClass1" name="myTestMethod1">
    <skipped/>
  </testcase> <!-- myTestMethod1 -->
  <testcase classname="com.testNG.MyTestClass1" name="myTestMethod1">
    <skipped/>
  </testcase> <!-- myTestMethod1 -->
  <testcase classname="com.testNG.MyTestClass2" name="myTestMethod2">
    <skipped/>
  </testcase> <!-- myTestMethod2 -->
  <testcase classname="com.testNG.MyTestClass2" name="myTestMethod2">
    <skipped/>
  </testcase> <!-- myTestMethod2 -->
  <testcase classname="com.testNG.MyTestClass2" name="myTestMethod2">
    <skipped/>
  </testcase> <!-- myTestMethod2 -->
  <testcase classname="com.testNG.MyTestClass2" name="myTestMethod2">
    <skipped/>
  </testcase> <!-- myTestMethod2 -->
</testsuite> <!-- com.testNG.GroupsInTestNG -->
